0 info it worked if it ends with ok
1 verbose cli [ '/usr/bin/node', '/usr/bin/npm', 'i' ]
2 info using npm@3.5.2
3 info using node@v8.10.0
4 silly loadCurrentTree Starting
5 silly install loadCurrentTree
6 silly install readLocalPackageData
7 silly install normalizeTree
8 silly loadCurrentTree Finishing
9 silly loadIdealTree Starting
10 silly install loadIdealTree
11 silly cloneCurrentTree Starting
12 silly install cloneCurrentTreeToIdealTree
13 silly cloneCurrentTree Finishing
14 silly loadShrinkwrap Starting
15 silly install loadShrinkwrap
16 silly loadShrinkwrap Finishing
17 silly loadAllDepsIntoIdealTree Starting
18 silly install loadAllDepsIntoIdealTree
19 silly fetchNamedPackageData @babel/core
20 silly mapToRegistry name @babel/core
21 silly mapToRegistry scope (from package name) @babel
22 verbose mapToRegistry no registry URL found in name for scope @babel
23 silly mapToRegistry using default registry
24 silly mapToRegistry registry https://registry.npmjs.org/
25 silly mapToRegistry uri https://registry.npmjs.org/@babel%2fcore
26 silly fetchNamedPackageData @babel/preset-env
27 silly mapToRegistry name @babel/preset-env
28 silly mapToRegistry scope (from package name) @babel
29 verbose mapToRegistry no registry URL found in name for scope @babel
30 silly mapToRegistry using default registry
31 silly mapToRegistry registry https://registry.npmjs.org/
32 silly mapToRegistry uri https://registry.npmjs.org/@babel%2fpreset-env
33 silly fetchNamedPackageData autoprefixer
34 silly mapToRegistry name autoprefixer
35 silly mapToRegistry using default registry
36 silly mapToRegistry registry https://registry.npmjs.org/
37 silly mapToRegistry uri https://registry.npmjs.org/autoprefixer
38 silly fetchNamedPackageData browser-sync
39 silly mapToRegistry name browser-sync
40 silly mapToRegistry using default registry
41 silly mapToRegistry registry https://registry.npmjs.org/
42 silly mapToRegistry uri https://registry.npmjs.org/browser-sync
43 silly fetchNamedPackageData cross-env
44 silly mapToRegistry name cross-env
45 silly mapToRegistry using default registry
46 silly mapToRegistry registry https://registry.npmjs.org/
47 silly mapToRegistry uri https://registry.npmjs.org/cross-env
48 silly fetchNamedPackageData cssnano
49 silly mapToRegistry name cssnano
50 silly mapToRegistry using default registry
51 silly mapToRegistry registry https://registry.npmjs.org/
52 silly mapToRegistry uri https://registry.npmjs.org/cssnano
53 silly fetchNamedPackageData del
54 silly mapToRegistry name del
55 silly mapToRegistry using default registry
56 silly mapToRegistry registry https://registry.npmjs.org/
57 silly mapToRegistry uri https://registry.npmjs.org/del
58 silly fetchNamedPackageData gh-pages
59 silly mapToRegistry name gh-pages
60 silly mapToRegistry using default registry
61 silly mapToRegistry registry https://registry.npmjs.org/
62 silly mapToRegistry uri https://registry.npmjs.org/gh-pages
63 silly fetchNamedPackageData gulp
64 silly mapToRegistry name gulp
65 silly mapToRegistry using default registry
66 silly mapToRegistry registry https://registry.npmjs.org/
67 silly mapToRegistry uri https://registry.npmjs.org/gulp
68 silly fetchNamedPackageData gulp-babel
69 silly mapToRegistry name gulp-babel
70 silly mapToRegistry using default registry
71 silly mapToRegistry registry https://registry.npmjs.org/
72 silly mapToRegistry uri https://registry.npmjs.org/gulp-babel
73 silly fetchNamedPackageData gulp-cache-bust
74 silly mapToRegistry name gulp-cache-bust
75 silly mapToRegistry using default registry
76 silly mapToRegistry registry https://registry.npmjs.org/
77 silly mapToRegistry uri https://registry.npmjs.org/gulp-cache-bust
78 silly fetchNamedPackageData gulp-concat
79 silly mapToRegistry name gulp-concat
80 silly mapToRegistry using default registry
81 silly mapToRegistry registry https://registry.npmjs.org/
82 silly mapToRegistry uri https://registry.npmjs.org/gulp-concat
83 silly fetchNamedPackageData gulp-group-css-media-queries
84 silly mapToRegistry name gulp-group-css-media-queries
85 silly mapToRegistry using default registry
86 silly mapToRegistry registry https://registry.npmjs.org/
87 silly mapToRegistry uri https://registry.npmjs.org/gulp-group-css-media-queries
88 silly fetchNamedPackageData gulp-htmlmin
89 silly mapToRegistry name gulp-htmlmin
90 silly mapToRegistry using default registry
91 silly mapToRegistry registry https://registry.npmjs.org/
92 silly mapToRegistry uri https://registry.npmjs.org/gulp-htmlmin
93 silly fetchNamedPackageData gulp-imagemin
94 silly mapToRegistry name gulp-imagemin
95 silly mapToRegistry using default registry
96 silly mapToRegistry registry https://registry.npmjs.org/
97 silly mapToRegistry uri https://registry.npmjs.org/gulp-imagemin
98 silly fetchNamedPackageData gulp-inject
99 silly mapToRegistry name gulp-inject
100 silly mapToRegistry using default registry
101 silly mapToRegistry registry https://registry.npmjs.org/
102 silly mapToRegistry uri https://registry.npmjs.org/gulp-inject
103 silly fetchNamedPackageData gulp-mode
104 silly mapToRegistry name gulp-mode
105 silly mapToRegistry using default registry
106 silly mapToRegistry registry https://registry.npmjs.org/
107 silly mapToRegistry uri https://registry.npmjs.org/gulp-mode
108 silly fetchNamedPackageData gulp-newer
109 silly mapToRegistry name gulp-newer
110 silly mapToRegistry using default registry
111 silly mapToRegistry registry https://registry.npmjs.org/
112 silly mapToRegistry uri https://registry.npmjs.org/gulp-newer
113 silly fetchNamedPackageData gulp-plumber
114 silly mapToRegistry name gulp-plumber
115 silly mapToRegistry using default registry
116 silly mapToRegistry registry https://registry.npmjs.org/
117 silly mapToRegistry uri https://registry.npmjs.org/gulp-plumber
118 silly fetchNamedPackageData gulp-postcss
119 silly mapToRegistry name gulp-postcss
120 silly mapToRegistry using default registry
121 silly mapToRegistry registry https://registry.npmjs.org/
122 silly mapToRegistry uri https://registry.npmjs.org/gulp-postcss
123 silly fetchNamedPackageData gulp-rename
124 silly mapToRegistry name gulp-rename
125 silly mapToRegistry using default registry
126 silly mapToRegistry registry https://registry.npmjs.org/
127 silly mapToRegistry uri https://registry.npmjs.org/gulp-rename
128 silly fetchNamedPackageData gulp-rigger
129 silly mapToRegistry name gulp-rigger
130 silly mapToRegistry using default registry
131 silly mapToRegistry registry https://registry.npmjs.org/
132 silly mapToRegistry uri https://registry.npmjs.org/gulp-rigger
133 silly fetchNamedPackageData gulp-sass
134 silly mapToRegistry name gulp-sass
135 silly mapToRegistry using default registry
136 silly mapToRegistry registry https://registry.npmjs.org/
137 silly mapToRegistry uri https://registry.npmjs.org/gulp-sass
138 silly fetchNamedPackageData gulp-size
139 silly mapToRegistry name gulp-size
140 silly mapToRegistry using default registry
141 silly mapToRegistry registry https://registry.npmjs.org/
142 silly mapToRegistry uri https://registry.npmjs.org/gulp-size
143 silly fetchNamedPackageData gulp-sourcemaps
144 silly mapToRegistry name gulp-sourcemaps
145 silly mapToRegistry using default registry
146 silly mapToRegistry registry https://registry.npmjs.org/
147 silly mapToRegistry uri https://registry.npmjs.org/gulp-sourcemaps
148 silly fetchNamedPackageData gulp-uglify
149 silly mapToRegistry name gulp-uglify
150 silly mapToRegistry using default registry
151 silly mapToRegistry registry https://registry.npmjs.org/
152 silly mapToRegistry uri https://registry.npmjs.org/gulp-uglify
153 silly fetchNamedPackageData require-dir
154 silly mapToRegistry name require-dir
155 silly mapToRegistry using default registry
156 silly mapToRegistry registry https://registry.npmjs.org/
157 silly mapToRegistry uri https://registry.npmjs.org/require-dir
158 silly fetchNamedPackageData usedcss
159 silly mapToRegistry name usedcss
160 silly mapToRegistry using default registry
161 silly mapToRegistry registry https://registry.npmjs.org/
162 silly mapToRegistry uri https://registry.npmjs.org/usedcss
163 verbose request uri https://registry.npmjs.org/@babel%2fcore
164 verbose request no auth needed
165 info attempt registry request try #1 at 11:39:54
166 verbose request id 14c7bd68526c2adf
167 verbose etag W/"11aa0215d474115ce4a7a860dda7eb50"
168 verbose lastModified Sun, 12 Jan 2020 00:17:34 GMT
169 http request GET https://registry.npmjs.org/@babel%2fcore
170 verbose request uri https://registry.npmjs.org/@babel%2fpreset-env
171 verbose request no auth needed
172 info attempt registry request try #1 at 11:39:54
173 verbose etag W/"d3bd408d9b2f66ca69d76a4db6a9aac1"
174 verbose lastModified Sun, 12 Jan 2020 22:48:41 GMT
175 http request GET https://registry.npmjs.org/@babel%2fpreset-env
176 verbose request uri https://registry.npmjs.org/autoprefixer
177 verbose request no auth needed
178 info attempt registry request try #1 at 11:39:54
179 verbose etag W/"a2c4f183a1ddbac528908b7deccd5c4c"
180 verbose lastModified Sat, 30 Nov 2019 15:11:29 GMT
181 http request GET https://registry.npmjs.org/autoprefixer
182 verbose request uri https://registry.npmjs.org/cssnano
183 verbose request no auth needed
184 info attempt registry request try #1 at 11:39:54
185 verbose etag W/"b246369ed8482692c8ce3edec991bd30"
186 verbose lastModified Sat, 14 Dec 2019 09:50:43 GMT
187 http request GET https://registry.npmjs.org/cssnano
188 verbose request uri https://registry.npmjs.org/del
189 verbose request no auth needed
190 info attempt registry request try #1 at 11:39:54
191 verbose etag W/"2e8672d78a253c57f0d7904fc7755e67"
192 verbose lastModified Fri, 23 Aug 2019 11:11:21 GMT
193 http request GET https://registry.npmjs.org/del
194 verbose request uri https://registry.npmjs.org/gh-pages
195 verbose request no auth needed
196 info attempt registry request try #1 at 11:39:54
197 verbose etag W/"04c544de7e011d7ffe4d775b6fb524c0"
198 verbose lastModified Tue, 07 Jan 2020 02:16:53 GMT
199 http request GET https://registry.npmjs.org/gh-pages
200 verbose request uri https://registry.npmjs.org/gulp
201 verbose request no auth needed
202 info attempt registry request try #1 at 11:39:54
203 verbose etag W/"65966e6fa849b6f9077c36b230b711b1"
204 verbose lastModified Tue, 07 Jan 2020 13:04:15 GMT
205 http request GET https://registry.npmjs.org/gulp
206 verbose request uri https://registry.npmjs.org/gulp-babel
207 verbose request no auth needed
208 info attempt registry request try #1 at 11:39:54
209 verbose etag W/"26647d733a4389e695a8190a3c8587db"
210 verbose lastModified Fri, 04 Jan 2019 01:48:32 GMT
211 http request GET https://registry.npmjs.org/gulp-babel
212 verbose request uri https://registry.npmjs.org/gulp-cache-bust
213 verbose request no auth needed
214 info attempt registry request try #1 at 11:39:54
215 verbose etag W/"dde4e8bd832d044d68119384cb3e34fb"
216 verbose lastModified Sun, 09 Jun 2019 17:42:18 GMT
217 http request GET https://registry.npmjs.org/gulp-cache-bust
218 verbose request uri https://registry.npmjs.org/gulp-concat
219 verbose request no auth needed
220 info attempt registry request try #1 at 11:39:54
221 verbose etag W/"ad836ac74041c44c35a3d2c8b844b0cb"
222 verbose lastModified Thu, 02 Aug 2018 09:54:25 GMT
223 http request GET https://registry.npmjs.org/gulp-concat
224 verbose request uri https://registry.npmjs.org/gulp-group-css-media-queries
225 verbose request no auth needed
226 info attempt registry request try #1 at 11:39:54
227 verbose etag W/"0f4e3442b30a2fae516f36d243cd3e8d"
228 verbose lastModified Sun, 27 May 2018 03:12:41 GMT
229 http request GET https://registry.npmjs.org/gulp-group-css-media-queries
230 verbose request uri https://registry.npmjs.org/gulp-htmlmin
231 verbose request no auth needed
232 info attempt registry request try #1 at 11:39:54
233 verbose etag W/"7906d5e17c3d710a0d7a320007f2c87a"
234 verbose lastModified Sat, 29 Jun 2019 03:18:55 GMT
235 http request GET https://registry.npmjs.org/gulp-htmlmin
236 verbose request uri https://registry.npmjs.org/gulp-imagemin
237 verbose request no auth needed
238 info attempt registry request try #1 at 11:39:54
239 verbose etag W/"e314760d479a032aecf5d9ed1cbbc90d"
240 verbose lastModified Sat, 14 Dec 2019 09:50:42 GMT
241 http request GET https://registry.npmjs.org/gulp-imagemin
242 verbose request uri https://registry.npmjs.org/gulp-inject
243 verbose request no auth needed
244 info attempt registry request try #1 at 11:39:54
245 verbose etag W/"24d4cbea17da45aab0f872d11eefb617"
246 verbose lastModified Sun, 29 Dec 2019 08:53:41 GMT
247 http request GET https://registry.npmjs.org/gulp-inject
248 verbose request uri https://registry.npmjs.org/gulp-mode
249 verbose request no auth needed
250 info attempt registry request try #1 at 11:39:54
251 verbose etag W/"29c285803a31bf02d17577adab168b20"
252 verbose lastModified Sun, 27 May 2018 03:15:54 GMT
253 http request GET https://registry.npmjs.org/gulp-mode
254 verbose request uri https://registry.npmjs.org/gulp-newer
255 verbose request no auth needed
256 info attempt registry request try #1 at 11:39:54
257 verbose etag W/"cc2a7b5e30078221522f55b52bc1b4b6"
258 verbose lastModified Thu, 12 Jul 2018 19:35:55 GMT
259 http request GET https://registry.npmjs.org/gulp-newer
260 verbose request uri https://registry.npmjs.org/gulp-plumber
261 verbose request no auth needed
262 info attempt registry request try #1 at 11:39:54
263 verbose etag W/"c37d46f57f111859a884a9a4ac0133b1"
264 verbose lastModified Wed, 16 Jan 2019 19:40:09 GMT
265 http request GET https://registry.npmjs.org/gulp-plumber
266 verbose request uri https://registry.npmjs.org/gulp-postcss
267 verbose request no auth needed
268 info attempt registry request try #1 at 11:39:54
269 verbose etag W/"91c61ceab47245e425743b0f927484d0"
270 verbose lastModified Mon, 06 Aug 2018 10:03:03 GMT
271 http request GET https://registry.npmjs.org/gulp-postcss
272 verbose request uri https://registry.npmjs.org/gulp-rename
273 verbose request no auth needed
274 info attempt registry request try #1 at 11:39:54
275 verbose etag W/"07d3aebc52213e764362eefa20660c84"
276 verbose lastModified Wed, 04 Dec 2019 16:50:10 GMT
277 http request GET https://registry.npmjs.org/gulp-rename
278 verbose request uri https://registry.npmjs.org/gulp-rigger
279 verbose request no auth needed
280 info attempt registry request try #1 at 11:39:54
281 verbose etag W/"1b4ca6e12f16b4ad21fde0e5bb27eb65"
282 verbose lastModified Sun, 27 May 2018 03:18:30 GMT
283 http request GET https://registry.npmjs.org/gulp-rigger
284 verbose request uri https://registry.npmjs.org/gulp-sass
285 verbose request no auth needed
286 info attempt registry request try #1 at 11:39:54
287 verbose etag W/"177100efacbdcd41928da8ee98699d32"
288 verbose lastModified Fri, 04 Jan 2019 02:11:11 GMT
289 http request GET https://registry.npmjs.org/gulp-sass
290 verbose request uri https://registry.npmjs.org/gulp-size
291 verbose request no auth needed
292 info attempt registry request try #1 at 11:39:54
293 verbose etag W/"98e4832986b6183c432d2dc840b42f64"
294 verbose lastModified Sun, 27 May 2018 03:19:15 GMT
295 http request GET https://registry.npmjs.org/gulp-size
296 verbose request uri https://registry.npmjs.org/gulp-sourcemaps
297 verbose request no auth needed
298 info attempt registry request try #1 at 11:39:54
299 verbose etag W/"7dd60dd12a92419128aa7f44fd03a183"
300 verbose lastModified Tue, 19 Feb 2019 03:46:27 GMT
301 http request GET https://registry.npmjs.org/gulp-sourcemaps
302 verbose request uri https://registry.npmjs.org/gulp-uglify
303 verbose request no auth needed
304 info attempt registry request try #1 at 11:39:54
305 verbose etag W/"dc404c16a1c9084678c3c02b2b13d59f"
306 verbose lastModified Fri, 01 Mar 2019 19:21:28 GMT
307 http request GET https://registry.npmjs.org/gulp-uglify
308 verbose request uri https://registry.npmjs.org/require-dir
309 verbose request no auth needed
310 info attempt registry request try #1 at 11:39:54
311 verbose etag W/"c5dc7d0f8e0dec53c40d0e6d0fd35c00"
312 verbose lastModified Sat, 05 Jan 2019 09:36:26 GMT
313 http request GET https://registry.npmjs.org/require-dir
314 verbose request uri https://registry.npmjs.org/usedcss
315 verbose request no auth needed
316 info attempt registry request try #1 at 11:39:54
317 verbose etag W/"0fe595009f4ced3bb819229b6675bd59"
318 verbose lastModified Sun, 27 May 2018 20:35:34 GMT
319 http request GET https://registry.npmjs.org/usedcss
320 verbose request uri https://registry.npmjs.org/browser-sync
321 verbose request no auth needed
322 info attempt registry request try #1 at 11:39:54
323 verbose etag W/"46c28a9c24911de86b2e80c824cbbc8c"
324 verbose lastModified Sat, 14 Dec 2019 09:50:43 GMT
325 http request GET https://registry.npmjs.org/browser-sync
326 verbose request uri https://registry.npmjs.org/cross-env
327 verbose request no auth needed
328 info attempt registry request try #1 at 11:39:54
329 verbose etag W/"83ae1da7617c1ca3e6fee1b627646518"
330 verbose lastModified Mon, 23 Dec 2019 17:45:12 GMT
331 http request GET https://registry.npmjs.org/cross-env
332 http 304 https://registry.npmjs.org/autoprefixer
333 verbose headers { date: 'Mon, 13 Jan 2020 09:39:54 GMT',
333 verbose headers   connection: 'keep-alive',
333 verbose headers   'set-cookie':
333 verbose headers    [ '__cfduid=d57b2dbae3d63492fa27616d0fb06ed261578908394; expires=Wed, 12-Feb-20 09:39:54 GMT; path=/; domain=.npmjs.org; HttpOnly; SameSite=Lax' ],
333 verbose headers   'cf-ray': '554667d83de28b5c-KBP',
333 verbose headers   age: '3922',
333 verbose headers   'cache-control': 'public, max-age=300',
333 verbose headers   etag: '"a2c4f183a1ddbac528908b7deccd5c4c"',
333 verbose headers   'last-modified': 'Sat, 30 Nov 2019 15:11:29 GMT',
333 verbose headers   vary: 'Accept-Encoding',
333 verbose headers   'cf-cache-status': 'HIT',
333 verbose headers   'expect-ct': 'max-age=604800, report-uri="https://report-uri.cloudflare.com/cdn-cgi/beacon/expect-ct"',
333 verbose headers   server: 'cloudflare' }
334 silly get cb [ 304,
334 silly get   { date: 'Mon, 13 Jan 2020 09:39:54 GMT',
334 silly get     connection: 'keep-alive',
334 silly get     'set-cookie':
334 silly get      [ '__cfduid=d57b2dbae3d63492fa27616d0fb06ed261578908394; expires=Wed, 12-Feb-20 09:39:54 GMT; path=/; domain=.npmjs.org; HttpOnly; SameSite=Lax' ],
334 silly get     'cf-ray': '554667d83de28b5c-KBP',
334 silly get     age: '3922',
334 silly get     'cache-control': 'public, max-age=300',
334 silly get     etag: '"a2c4f183a1ddbac528908b7deccd5c4c"',
334 silly get     'last-modified': 'Sat, 30 Nov 2019 15:11:29 GMT',
334 silly get     vary: 'Accept-Encoding',
334 silly get     'cf-cache-status': 'HIT',
334 silly get     'expect-ct': 'max-age=604800, report-uri="https://report-uri.cloudflare.com/cdn-cgi/beacon/expect-ct"',
334 silly get     server: 'cloudflare' } ]
335 verbose etag https://registry.npmjs.org/autoprefixer from cache
336 verbose get saving autoprefixer to /home/home/.npm/registry.npmjs.org/autoprefixer/.cache.json
337 http 304 https://registry.npmjs.org/gh-pages
338 verbose headers { date: 'Mon, 13 Jan 2020 09:39:54 GMT',
338 verbose headers   connection: 'keep-alive',
338 verbose headers   'set-cookie':
338 verbose headers    [ '__cfduid=d4c6c1a53ea5f5b145c8ce776c4ebfc4f1578908394; expires=Wed, 12-Feb-20 09:39:54 GMT; path=/; domain=.npmjs.org; HttpOnly; SameSite=Lax' ],
338 verbose headers   'cf-ray': '554667d839f38b0e-KBP',
338 verbose headers   age: '5569',
338 verbose headers   'cache-control': 'public, max-age=300',
338 verbose headers   etag: '"04c544de7e011d7ffe4d775b6fb524c0"',
338 verbose headers   'last-modified': 'Tue, 07 Jan 2020 02:16:53 GMT',
338 verbose headers   vary: 'Accept-Encoding',
338 verbose headers   'cf-cache-status': 'HIT',
338 verbose headers   'expect-ct': 'max-age=604800, report-uri="https://report-uri.cloudflare.com/cdn-cgi/beacon/expect-ct"',
338 verbose headers   server: 'cloudflare' }
339 silly get cb [ 304,
339 silly get   { date: 'Mon, 13 Jan 2020 09:39:54 GMT',
339 silly get     connection: 'keep-alive',
339 silly get     'set-cookie':
339 silly get      [ '__cfduid=d4c6c1a53ea5f5b145c8ce776c4ebfc4f1578908394; expires=Wed, 12-Feb-20 09:39:54 GMT; path=/; domain=.npmjs.org; HttpOnly; SameSite=Lax' ],
339 silly get     'cf-ray': '554667d839f38b0e-KBP',
339 silly get     age: '5569',
339 silly get     'cache-control': 'public, max-age=300',
339 silly get     etag: '"04c544de7e011d7ffe4d775b6fb524c0"',
339 silly get     'last-modified': 'Tue, 07 Jan 2020 02:16:53 GMT',
339 silly get     vary: 'Accept-Encoding',
339 silly get     'cf-cache-status': 'HIT',
339 silly get     'expect-ct': 'max-age=604800, report-uri="https://report-uri.cloudflare.com/cdn-cgi/beacon/expect-ct"',
339 silly get     server: 'cloudflare' } ]
340 verbose etag https://registry.npmjs.org/gh-pages from cache
341 verbose get saving gh-pages to /home/home/.npm/registry.npmjs.org/gh-pages/.cache.json
342 http 304 https://registry.npmjs.org/cssnano
343 verbose headers { date: 'Mon, 13 Jan 2020 09:39:54 GMT',
343 verbose headers   connection: 'keep-alive',
343 verbose headers   'set-cookie':
343 verbose headers    [ '__cfduid=db582f6058c040b7310f6cad9233fa5aa1578908394; expires=Wed, 12-Feb-20 09:39:54 GMT; path=/; domain=.npmjs.org; HttpOnly; SameSite=Lax' ],
343 verbose headers   'cf-ray': '554667d839e68217-KBP',
343 verbose headers   age: '5353',
343 verbose headers   'cache-control': 'public, max-age=300',
343 verbose headers   etag: '"b246369ed8482692c8ce3edec991bd30"',
343 verbose headers   'last-modified': 'Sat, 14 Dec 2019 09:50:43 GMT',
343 verbose headers   vary: 'Accept-Encoding',
343 verbose headers   'cf-cache-status': 'HIT',
343 verbose headers   'expect-ct': 'max-age=604800, report-uri="https://report-uri.cloudflare.com/cdn-cgi/beacon/expect-ct"',
343 verbose headers   server: 'cloudflare' }
344 silly get cb [ 304,
344 silly get   { date: 'Mon, 13 Jan 2020 09:39:54 GMT',
344 silly get     connection: 'keep-alive',
344 silly get     'set-cookie':
344 silly get      [ '__cfduid=db582f6058c040b7310f6cad9233fa5aa1578908394; expires=Wed, 12-Feb-20 09:39:54 GMT; path=/; domain=.npmjs.org; HttpOnly; SameSite=Lax' ],
344 silly get     'cf-ray': '554667d839e68217-KBP',
344 silly get     age: '5353',
344 silly get     'cache-control': 'public, max-age=300',
344 silly get     etag: '"b246369ed8482692c8ce3edec991bd30"',
344 silly get     'last-modified': 'Sat, 14 Dec 2019 09:50:43 GMT',
344 silly get     vary: 'Accept-Encoding',
344 silly get     'cf-cache-status': 'HIT',
344 silly get     'expect-ct': 'max-age=604800, report-uri="https://report-uri.cloudflare.com/cdn-cgi/beacon/expect-ct"',
344 silly get     server: 'cloudflare' } ]
345 verbose etag https://registry.npmjs.org/cssnano from cache
346 verbose get saving cssnano to /home/home/.npm/registry.npmjs.org/cssnano/.cache.json
347 http 304 https://registry.npmjs.org/del
348 verbose headers { date: 'Mon, 13 Jan 2020 09:39:54 GMT',
348 verbose headers   connection: 'keep-alive',
348 verbose headers   'set-cookie':
348 verbose headers    [ '__cfduid=d2ea70b27b3352bc9f492646982eb22231578908394; expires=Wed, 12-Feb-20 09:39:54 GMT; path=/; domain=.npmjs.org; HttpOnly; SameSite=Lax' ],
348 verbose headers   'cf-ray': '554667d83a758b56-KBP',
348 verbose headers   age: '4196',
348 verbose headers   'cache-control': 'public, max-age=300',
348 verbose headers   etag: '"2e8672d78a253c57f0d7904fc7755e67"',
348 verbose headers   'last-modified': 'Fri, 23 Aug 2019 11:11:21 GMT',
348 verbose headers   vary: 'Accept-Encoding',
348 verbose headers   'cf-cache-status': 'HIT',
348 verbose headers   'expect-ct': 'max-age=604800, report-uri="https://report-uri.cloudflare.com/cdn-cgi/beacon/expect-ct"',
348 verbose headers   server: 'cloudflare' }
349 silly get cb [ 304,
349 silly get   { date: 'Mon, 13 Jan 2020 09:39:54 GMT',
349 silly get     connection: 'keep-alive',
349 silly get     'set-cookie':
349 silly get      [ '__cfduid=d2ea70b27b3352bc9f492646982eb22231578908394; expires=Wed, 12-Feb-20 09:39:54 GMT; path=/; domain=.npmjs.org; HttpOnly; SameSite=Lax' ],
349 silly get     'cf-ray': '554667d83a758b56-KBP',
349 silly get     age: '4196',
349 silly get     'cache-control': 'public, max-age=300',
349 silly get     etag: '"2e8672d78a253c57f0d7904fc7755e67"',
349 silly get     'last-modified': 'Fri, 23 Aug 2019 11:11:21 GMT',
349 silly get     vary: 'Accept-Encoding',
349 silly get     'cf-cache-status': 'HIT',
349 silly get     'expect-ct': 'max-age=604800, report-uri="https://report-uri.cloudflare.com/cdn-cgi/beacon/expect-ct"',
349 silly get     server: 'cloudflare' } ]
350 verbose etag https://registry.npmjs.org/del from cache
351 verbose get saving del to /home/home/.npm/registry.npmjs.org/del/.cache.json
352 http 304 https://registry.npmjs.org/gulp-babel
353 verbose headers { date: 'Mon, 13 Jan 2020 09:39:54 GMT',
353 verbose headers   connection: 'keep-alive',
353 verbose headers   'set-cookie':
353 verbose headers    [ '__cfduid=dc181b9305d424e3a865316d5e0c682051578908394; expires=Wed, 12-Feb-20 09:39:54 GMT; path=/; domain=.npmjs.org; HttpOnly; SameSite=Lax' ],
353 verbose headers   'cf-ray': '554667d83f828446-KBP',
353 verbose headers   age: '372',
353 verbose headers   'cache-control': 'public, max-age=300',
353 verbose headers   etag: '"26647d733a4389e695a8190a3c8587db"',
353 verbose headers   'last-modified': 'Fri, 04 Jan 2019 01:48:32 GMT',
353 verbose headers   vary: 'Accept-Encoding',
353 verbose headers   'cf-cache-status': 'HIT',
353 verbose headers   'expect-ct': 'max-age=604800, report-uri="https://report-uri.cloudflare.com/cdn-cgi/beacon/expect-ct"',
353 verbose headers   server: 'cloudflare' }
354 silly get cb [ 304,
354 silly get   { date: 'Mon, 13 Jan 2020 09:39:54 GMT',
354 silly get     connection: 'keep-alive',
354 silly get     'set-cookie':
354 silly get      [ '__cfduid=dc181b9305d424e3a865316d5e0c682051578908394; expires=Wed, 12-Feb-20 09:39:54 GMT; path=/; domain=.npmjs.org; HttpOnly; SameSite=Lax' ],
354 silly get     'cf-ray': '554667d83f828446-KBP',
354 silly get     age: '372',
354 silly get     'cache-control': 'public, max-age=300',
354 silly get     etag: '"26647d733a4389e695a8190a3c8587db"',
354 silly get     'last-modified': 'Fri, 04 Jan 2019 01:48:32 GMT',
354 silly get     vary: 'Accept-Encoding',
354 silly get     'cf-cache-status': 'HIT',
354 silly get     'expect-ct': 'max-age=604800, report-uri="https://report-uri.cloudflare.com/cdn-cgi/beacon/expect-ct"',
354 silly get     server: 'cloudflare' } ]
355 verbose etag https://registry.npmjs.org/gulp-babel from cache
356 verbose get saving gulp-babel to /home/home/.npm/registry.npmjs.org/gulp-babel/.cache.json
357 http 304 https://registry.npmjs.org/gulp
358 verbose headers { date: 'Mon, 13 Jan 2020 09:39:54 GMT',
358 verbose headers   connection: 'keep-alive',
358 verbose headers   'set-cookie':
358 verbose headers    [ '__cfduid=d1164a23aaf95b7b2f1256ce25302dbe31578908394; expires=Wed, 12-Feb-20 09:39:54 GMT; path=/; domain=.npmjs.org; HttpOnly; SameSite=Lax' ],
358 verbose headers   'cf-ray': '554667d83dfa8ac0-KBP',
358 verbose headers   age: '6490',
358 verbose headers   'cache-control': 'public, max-age=300',
358 verbose headers   etag: '"65966e6fa849b6f9077c36b230b711b1"',
358 verbose headers   'last-modified': 'Tue, 07 Jan 2020 13:04:15 GMT',
358 verbose headers   vary: 'Accept-Encoding',
358 verbose headers   'cf-cache-status': 'HIT',
358 verbose headers   'expect-ct': 'max-age=604800, report-uri="https://report-uri.cloudflare.com/cdn-cgi/beacon/expect-ct"',
358 verbose headers   server: 'cloudflare' }
359 silly get cb [ 304,
359 silly get   { date: 'Mon, 13 Jan 2020 09:39:54 GMT',
359 silly get     connection: 'keep-alive',
359 silly get     'set-cookie':
359 silly get      [ '__cfduid=d1164a23aaf95b7b2f1256ce25302dbe31578908394; expires=Wed, 12-Feb-20 09:39:54 GMT; path=/; domain=.npmjs.org; HttpOnly; SameSite=Lax' ],
359 silly get     'cf-ray': '554667d83dfa8ac0-KBP',
359 silly get     age: '6490',
359 silly get     'cache-control': 'public, max-age=300',
359 silly get     etag: '"65966e6fa849b6f9077c36b230b711b1"',
359 silly get     'last-modified': 'Tue, 07 Jan 2020 13:04:15 GMT',
359 silly get     vary: 'Accept-Encoding',
359 silly get     'cf-cache-status': 'HIT',
359 silly get     'expect-ct': 'max-age=604800, report-uri="https://report-uri.cloudflare.com/cdn-cgi/beacon/expect-ct"',
359 silly get     server: 'cloudflare' } ]
360 verbose etag https://registry.npmjs.org/gulp from cache
361 verbose get saving gulp to /home/home/.npm/registry.npmjs.org/gulp/.cache.json
362 http 304 https://registry.npmjs.org/gulp-cache-bust
363 verbose headers { date: 'Mon, 13 Jan 2020 09:39:54 GMT',
363 verbose headers   connection: 'keep-alive',
363 verbose headers   'set-cookie':
363 verbose headers    [ '__cfduid=d898a26d288c22bb2ba0a70d7746cbe6d1578908394; expires=Wed, 12-Feb-20 09:39:54 GMT; path=/; domain=.npmjs.org; HttpOnly; SameSite=Lax' ],
363 verbose headers   'cf-ray': '554667d838b48b4a-KBP',
363 verbose headers   age: '372',
363 verbose headers   'cache-control': 'public, max-age=300',
363 verbose headers   etag: '"dde4e8bd832d044d68119384cb3e34fb"',
363 verbose headers   'last-modified': 'Sun, 09 Jun 2019 17:42:18 GMT',
363 verbose headers   vary: 'Accept-Encoding',
363 verbose headers   'cf-cache-status': 'HIT',
363 verbose headers   'expect-ct': 'max-age=604800, report-uri="https://report-uri.cloudflare.com/cdn-cgi/beacon/expect-ct"',
363 verbose headers   server: 'cloudflare' }
364 silly get cb [ 304,
364 silly get   { date: 'Mon, 13 Jan 2020 09:39:54 GMT',
364 silly get     connection: 'keep-alive',
364 silly get     'set-cookie':
364 silly get      [ '__cfduid=d898a26d288c22bb2ba0a70d7746cbe6d1578908394; expires=Wed, 12-Feb-20 09:39:54 GMT; path=/; domain=.npmjs.org; HttpOnly; SameSite=Lax' ],
364 silly get     'cf-ray': '554667d838b48b4a-KBP',
364 silly get     age: '372',
364 silly get     'cache-control': 'public, max-age=300',
364 silly get     etag: '"dde4e8bd832d044d68119384cb3e34fb"',
364 silly get     'last-modified': 'Sun, 09 Jun 2019 17:42:18 GMT',
364 silly get     vary: 'Accept-Encoding',
364 silly get     'cf-cache-status': 'HIT',
364 silly get     'expect-ct': 'max-age=604800, report-uri="https://report-uri.cloudflare.com/cdn-cgi/beacon/expect-ct"',
364 silly get     server: 'cloudflare' } ]
365 verbose etag https://registry.npmjs.org/gulp-cache-bust from cache
366 verbose get saving gulp-cache-bust to /home/home/.npm/registry.npmjs.org/gulp-cache-bust/.cache.json
367 http 304 https://registry.npmjs.org/gulp-concat
368 verbose headers { date: 'Mon, 13 Jan 2020 09:39:54 GMT',
368 verbose headers   connection: 'keep-alive',
368 verbose headers   'set-cookie':
368 verbose headers    [ '__cfduid=da59b63b1dc5c7c8fb06fe82ba561bc821578908394; expires=Wed, 12-Feb-20 09:39:54 GMT; path=/; domain=.npmjs.org; HttpOnly; SameSite=Lax' ],
368 verbose headers   'cf-ray': '554667d83ca68aba-KBP',
368 verbose headers   age: '1421',
368 verbose headers   'cache-control': 'public, max-age=300',
368 verbose headers   etag: '"ad836ac74041c44c35a3d2c8b844b0cb"',
368 verbose headers   'last-modified': 'Thu, 02 Aug 2018 09:54:25 GMT',
368 verbose headers   vary: 'Accept-Encoding',
368 verbose headers   'cf-cache-status': 'HIT',
368 verbose headers   'expect-ct': 'max-age=604800, report-uri="https://report-uri.cloudflare.com/cdn-cgi/beacon/expect-ct"',
368 verbose headers   server: 'cloudflare' }
369 silly get cb [ 304,
369 silly get   { date: 'Mon, 13 Jan 2020 09:39:54 GMT',
369 silly get     connection: 'keep-alive',
369 silly get     'set-cookie':
369 silly get      [ '__cfduid=da59b63b1dc5c7c8fb06fe82ba561bc821578908394; expires=Wed, 12-Feb-20 09:39:54 GMT; path=/; domain=.npmjs.org; HttpOnly; SameSite=Lax' ],
369 silly get     'cf-ray': '554667d83ca68aba-KBP',
369 silly get     age: '1421',
369 silly get     'cache-control': 'public, max-age=300',
369 silly get     etag: '"ad836ac74041c44c35a3d2c8b844b0cb"',
369 silly get     'last-modified': 'Thu, 02 Aug 2018 09:54:25 GMT',
369 silly get     vary: 'Accept-Encoding',
369 silly get     'cf-cache-status': 'HIT',
369 silly get     'expect-ct': 'max-age=604800, report-uri="https://report-uri.cloudflare.com/cdn-cgi/beacon/expect-ct"',
369 silly get     server: 'cloudflare' } ]
370 verbose etag https://registry.npmjs.org/gulp-concat from cache
371 verbose get saving gulp-concat to /home/home/.npm/registry.npmjs.org/gulp-concat/.cache.json
372 http 304 https://registry.npmjs.org/gulp-mode
373 verbose headers { date: 'Mon, 13 Jan 2020 09:39:54 GMT',
373 verbose headers   connection: 'keep-alive',
373 verbose headers   'set-cookie':
373 verbose headers    [ '__cfduid=de9609835a64d251d399f53f61e13a40d1578908394; expires=Wed, 12-Feb-20 09:39:54 GMT; path=/; domain=.npmjs.org; HttpOnly; SameSite=Lax' ],
373 verbose headers   'cf-ray': '554667d838128241-KBP',
373 verbose headers   age: '372',
373 verbose headers   'cache-control': 'public, max-age=300',
373 verbose headers   etag: '"29c285803a31bf02d17577adab168b20"',
373 verbose headers   'last-modified': 'Sun, 27 May 2018 03:15:54 GMT',
373 verbose headers   vary: 'Accept-Encoding',
373 verbose headers   'cf-cache-status': 'HIT',
373 verbose headers   'expect-ct': 'max-age=604800, report-uri="https://report-uri.cloudflare.com/cdn-cgi/beacon/expect-ct"',
373 verbose headers   server: 'cloudflare' }
374 silly get cb [ 304,
374 silly get   { date: 'Mon, 13 Jan 2020 09:39:54 GMT',
374 silly get     connection: 'keep-alive',
374 silly get     'set-cookie':
374 silly get      [ '__cfduid=de9609835a64d251d399f53f61e13a40d1578908394; expires=Wed, 12-Feb-20 09:39:54 GMT; path=/; domain=.npmjs.org; HttpOnly; SameSite=Lax' ],
374 silly get     'cf-ray': '554667d838128241-KBP',
374 silly get     age: '372',
374 silly get     'cache-control': 'public, max-age=300',
374 silly get     etag: '"29c285803a31bf02d17577adab168b20"',
374 silly get     'last-modified': 'Sun, 27 May 2018 03:15:54 GMT',
374 silly get     vary: 'Accept-Encoding',
374 silly get     'cf-cache-status': 'HIT',
374 silly get     'expect-ct': 'max-age=604800, report-uri="https://report-uri.cloudflare.com/cdn-cgi/beacon/expect-ct"',
374 silly get     server: 'cloudflare' } ]
375 verbose etag https://registry.npmjs.org/gulp-mode from cache
376 verbose get saving gulp-mode to /home/home/.npm/registry.npmjs.org/gulp-mode/.cache.json
377 http 304 https://registry.npmjs.org/gulp-newer
378 verbose headers { date: 'Mon, 13 Jan 2020 09:39:54 GMT',
378 verbose headers   connection: 'keep-alive',
378 verbose headers   'set-cookie':
378 verbose headers    [ '__cfduid=d79465c5d332ff2467662d6cf589ec12c1578908394; expires=Wed, 12-Feb-20 09:39:54 GMT; path=/; domain=.npmjs.org; HttpOnly; SameSite=Lax' ],
378 verbose headers   'cf-ray': '554667d83aff8ad2-KBP',
378 verbose headers   age: '372',
378 verbose headers   'cache-control': 'public, max-age=300',
378 verbose headers   etag: '"cc2a7b5e30078221522f55b52bc1b4b6"',
378 verbose headers   'last-modified': 'Thu, 12 Jul 2018 19:35:55 GMT',
378 verbose headers   vary: 'Accept-Encoding',
378 verbose headers   'cf-cache-status': 'HIT',
378 verbose headers   'expect-ct': 'max-age=604800, report-uri="https://report-uri.cloudflare.com/cdn-cgi/beacon/expect-ct"',
378 verbose headers   server: 'cloudflare' }
379 silly get cb [ 304,
379 silly get   { date: 'Mon, 13 Jan 2020 09:39:54 GMT',
379 silly get     connection: 'keep-alive',
379 silly get     'set-cookie':
379 silly get      [ '__cfduid=d79465c5d332ff2467662d6cf589ec12c1578908394; expires=Wed, 12-Feb-20 09:39:54 GMT; path=/; domain=.npmjs.org; HttpOnly; SameSite=Lax' ],
379 silly get     'cf-ray': '554667d83aff8ad2-KBP',
379 silly get     age: '372',
379 silly get     'cache-control': 'public, max-age=300',
379 silly get     etag: '"cc2a7b5e30078221522f55b52bc1b4b6"',
379 silly get     'last-modified': 'Thu, 12 Jul 2018 19:35:55 GMT',
379 silly get     vary: 'Accept-Encoding',
379 silly get     'cf-cache-status': 'HIT',
379 silly get     'expect-ct': 'max-age=604800, report-uri="https://report-uri.cloudflare.com/cdn-cgi/beacon/expect-ct"',
379 silly get     server: 'cloudflare' } ]
380 verbose etag https://registry.npmjs.org/gulp-newer from cache
381 verbose get saving gulp-newer to /home/home/.npm/registry.npmjs.org/gulp-newer/.cache.json
382 http 304 https://registry.npmjs.org/gulp-inject
383 verbose headers { date: 'Mon, 13 Jan 2020 09:39:54 GMT',
383 verbose headers   connection: 'keep-alive',
383 verbose headers   'set-cookie':
383 verbose headers    [ '__cfduid=da59b63b1dc5c7c8fb06fe82ba561bc821578908394; expires=Wed, 12-Feb-20 09:39:54 GMT; path=/; domain=.npmjs.org; HttpOnly; SameSite=Lax' ],
383 verbose headers   'cf-ray': '554667d83ca88aba-KBP',
383 verbose headers   age: '73',
383 verbose headers   'cache-control': 'public, max-age=300',
383 verbose headers   etag: '"24d4cbea17da45aab0f872d11eefb617"',
383 verbose headers   'last-modified': 'Sun, 29 Dec 2019 08:53:41 GMT',
383 verbose headers   vary: 'Accept-Encoding',
383 verbose headers   'cf-cache-status': 'HIT',
383 verbose headers   'expect-ct': 'max-age=604800, report-uri="https://report-uri.cloudflare.com/cdn-cgi/beacon/expect-ct"',
383 verbose headers   server: 'cloudflare' }
384 silly get cb [ 304,
384 silly get   { date: 'Mon, 13 Jan 2020 09:39:54 GMT',
384 silly get     connection: 'keep-alive',
384 silly get     'set-cookie':
384 silly get      [ '__cfduid=da59b63b1dc5c7c8fb06fe82ba561bc821578908394; expires=Wed, 12-Feb-20 09:39:54 GMT; path=/; domain=.npmjs.org; HttpOnly; SameSite=Lax' ],
384 silly get     'cf-ray': '554667d83ca88aba-KBP',
384 silly get     age: '73',
384 silly get     'cache-control': 'public, max-age=300',
384 silly get     etag: '"24d4cbea17da45aab0f872d11eefb617"',
384 silly get     'last-modified': 'Sun, 29 Dec 2019 08:53:41 GMT',
384 silly get     vary: 'Accept-Encoding',
384 silly get     'cf-cache-status': 'HIT',
384 silly get     'expect-ct': 'max-age=604800, report-uri="https://report-uri.cloudflare.com/cdn-cgi/beacon/expect-ct"',
384 silly get     server: 'cloudflare' } ]
385 verbose etag https://registry.npmjs.org/gulp-inject from cache
386 verbose get saving gulp-inject to /home/home/.npm/registry.npmjs.org/gulp-inject/.cache.json
387 http 304 https://registry.npmjs.org/@babel%2fpreset-env
388 verbose headers { date: 'Mon, 13 Jan 2020 09:39:54 GMT',
388 verbose headers   connection: 'keep-alive',
388 verbose headers   'set-cookie':
388 verbose headers    [ '__cfduid=d4204774405537095d07429f20a81c6311578908394; expires=Wed, 12-Feb-20 09:39:54 GMT; path=/; domain=.npmjs.org; HttpOnly; SameSite=Lax' ],
388 verbose headers   'cf-ray': '554667d86e438434-KBP',
388 verbose headers   age: '3655',
388 verbose headers   'cache-control': 'public, max-age=300',
388 verbose headers   etag: '"d3bd408d9b2f66ca69d76a4db6a9aac1"',
388 verbose headers   'last-modified': 'Sun, 12 Jan 2020 22:48:41 GMT',
388 verbose headers   vary: 'Accept-Encoding',
388 verbose headers   'cf-cache-status': 'HIT',
388 verbose headers   'expect-ct': 'max-age=604800, report-uri="https://report-uri.cloudflare.com/cdn-cgi/beacon/expect-ct"',
388 verbose headers   server: 'cloudflare' }
389 silly get cb [ 304,
389 silly get   { date: 'Mon, 13 Jan 2020 09:39:54 GMT',
389 silly get     connection: 'keep-alive',
389 silly get     'set-cookie':
389 silly get      [ '__cfduid=d4204774405537095d07429f20a81c6311578908394; expires=Wed, 12-Feb-20 09:39:54 GMT; path=/; domain=.npmjs.org; HttpOnly; SameSite=Lax' ],
389 silly get     'cf-ray': '554667d86e438434-KBP',
389 silly get     age: '3655',
389 silly get     'cache-control': 'public, max-age=300',
389 silly get     etag: '"d3bd408d9b2f66ca69d76a4db6a9aac1"',
389 silly get     'last-modified': 'Sun, 12 Jan 2020 22:48:41 GMT',
389 silly get     vary: 'Accept-Encoding',
389 silly get     'cf-cache-status': 'HIT',
389 silly get     'expect-ct': 'max-age=604800, report-uri="https://report-uri.cloudflare.com/cdn-cgi/beacon/expect-ct"',
389 silly get     server: 'cloudflare' } ]
390 verbose etag https://registry.npmjs.org/@babel%2fpreset-env from cache
391 verbose get saving @babel/preset-env to /home/home/.npm/registry.npmjs.org/_40babel_252fpreset-env/.cache.json
392 http 304 https://registry.npmjs.org/@babel%2fcore
393 verbose headers { date: 'Mon, 13 Jan 2020 09:39:54 GMT',
393 verbose headers   connection: 'keep-alive',
393 verbose headers   'set-cookie':
393 verbose headers    [ '__cfduid=de75c5a94fcfdd93e36b4b1762035c5671578908394; expires=Wed, 12-Feb-20 09:39:54 GMT; path=/; domain=.npmjs.org; HttpOnly; SameSite=Lax' ],
393 verbose headers   'cf-ray': '554667d86fb78b92-KBP',
393 verbose headers   age: '4218',
393 verbose headers   'cache-control': 'public, max-age=300',
393 verbose headers   etag: '"11aa0215d474115ce4a7a860dda7eb50"',
393 verbose headers   'last-modified': 'Sun, 12 Jan 2020 00:17:34 GMT',
393 verbose headers   vary: 'Accept-Encoding',
393 verbose headers   'cf-cache-status': 'HIT',
393 verbose headers   'expect-ct': 'max-age=604800, report-uri="https://report-uri.cloudflare.com/cdn-cgi/beacon/expect-ct"',
393 verbose headers   server: 'cloudflare' }
394 silly get cb [ 304,
394 silly get   { date: 'Mon, 13 Jan 2020 09:39:54 GMT',
394 silly get     connection: 'keep-alive',
394 silly get     'set-cookie':
394 silly get      [ '__cfduid=de75c5a94fcfdd93e36b4b1762035c5671578908394; expires=Wed, 12-Feb-20 09:39:54 GMT; path=/; domain=.npmjs.org; HttpOnly; SameSite=Lax' ],
394 silly get     'cf-ray': '554667d86fb78b92-KBP',
394 silly get     age: '4218',
394 silly get     'cache-control': 'public, max-age=300',
394 silly get     etag: '"11aa0215d474115ce4a7a860dda7eb50"',
394 silly get     'last-modified': 'Sun, 12 Jan 2020 00:17:34 GMT',
394 silly get     vary: 'Accept-Encoding',
394 silly get     'cf-cache-status': 'HIT',
394 silly get     'expect-ct': 'max-age=604800, report-uri="https://report-uri.cloudflare.com/cdn-cgi/beacon/expect-ct"',
394 silly get     server: 'cloudflare' } ]
395 verbose etag https://registry.npmjs.org/@babel%2fcore from cache
396 verbose get saving @babel/core to /home/home/.npm/registry.npmjs.org/_40babel_252fcore/.cache.json
397 http 304 https://registry.npmjs.org/gulp-sass
398 verbose headers { date: 'Mon, 13 Jan 2020 09:39:54 GMT',
398 verbose headers   connection: 'keep-alive',
398 verbose headers   'set-cookie':
398 verbose headers    [ '__cfduid=d88d23e39c0ed72f7873f88fb552b1ec21578908394; expires=Wed, 12-Feb-20 09:39:54 GMT; path=/; domain=.npmjs.org; HttpOnly; SameSite=Lax' ],
398 verbose headers   'cf-ray': '554667d888618ad8-KBP',
398 verbose headers   age: '5395',
398 verbose headers   'cache-control': 'public, max-age=300',
398 verbose headers   etag: '"177100efacbdcd41928da8ee98699d32"',
398 verbose headers   'last-modified': 'Fri, 04 Jan 2019 02:11:11 GMT',
398 verbose headers   vary: 'Accept-Encoding',
398 verbose headers   'cf-cache-status': 'HIT',
398 verbose headers   'expect-ct': 'max-age=604800, report-uri="https://report-uri.cloudflare.com/cdn-cgi/beacon/expect-ct"',
398 verbose headers   server: 'cloudflare' }
399 silly get cb [ 304,
399 silly get   { date: 'Mon, 13 Jan 2020 09:39:54 GMT',
399 silly get     connection: 'keep-alive',
399 silly get     'set-cookie':
399 silly get      [ '__cfduid=d88d23e39c0ed72f7873f88fb552b1ec21578908394; expires=Wed, 12-Feb-20 09:39:54 GMT; path=/; domain=.npmjs.org; HttpOnly; SameSite=Lax' ],
399 silly get     'cf-ray': '554667d888618ad8-KBP',
399 silly get     age: '5395',
399 silly get     'cache-control': 'public, max-age=300',
399 silly get     etag: '"177100efacbdcd41928da8ee98699d32"',
399 silly get     'last-modified': 'Fri, 04 Jan 2019 02:11:11 GMT',
399 silly get     vary: 'Accept-Encoding',
399 silly get     'cf-cache-status': 'HIT',
399 silly get     'expect-ct': 'max-age=604800, report-uri="https://report-uri.cloudflare.com/cdn-cgi/beacon/expect-ct"',
399 silly get     server: 'cloudflare' } ]
400 verbose etag https://registry.npmjs.org/gulp-sass from cache
401 verbose get saving gulp-sass to /home/home/.npm/registry.npmjs.org/gulp-sass/.cache.json
402 http 304 https://registry.npmjs.org/gulp-postcss
403 verbose headers { date: 'Mon, 13 Jan 2020 09:39:54 GMT',
403 verbose headers   connection: 'keep-alive',
403 verbose headers   'set-cookie':
403 verbose headers    [ '__cfduid=d88d23e39c0ed72f7873f88fb552b1ec21578908394; expires=Wed, 12-Feb-20 09:39:54 GMT; path=/; domain=.npmjs.org; HttpOnly; SameSite=Lax' ],
403 verbose headers   'cf-ray': '554667d8785f8ad8-KBP',
403 verbose headers   age: '372',
403 verbose headers   'cache-control': 'public, max-age=300',
403 verbose headers   etag: '"91c61ceab47245e425743b0f927484d0"',
403 verbose headers   'last-modified': 'Mon, 06 Aug 2018 10:03:03 GMT',
403 verbose headers   vary: 'Accept-Encoding',
403 verbose headers   'cf-cache-status': 'HIT',
403 verbose headers   'expect-ct': 'max-age=604800, report-uri="https://report-uri.cloudflare.com/cdn-cgi/beacon/expect-ct"',
403 verbose headers   server: 'cloudflare' }
404 silly get cb [ 304,
404 silly get   { date: 'Mon, 13 Jan 2020 09:39:54 GMT',
404 silly get     connection: 'keep-alive',
404 silly get     'set-cookie':
404 silly get      [ '__cfduid=d88d23e39c0ed72f7873f88fb552b1ec21578908394; expires=Wed, 12-Feb-20 09:39:54 GMT; path=/; domain=.npmjs.org; HttpOnly; SameSite=Lax' ],
404 silly get     'cf-ray': '554667d8785f8ad8-KBP',
404 silly get     age: '372',
404 silly get     'cache-control': 'public, max-age=300',
404 silly get     etag: '"91c61ceab47245e425743b0f927484d0"',
404 silly get     'last-modified': 'Mon, 06 Aug 2018 10:03:03 GMT',
404 silly get     vary: 'Accept-Encoding',
404 silly get     'cf-cache-status': 'HIT',
404 silly get     'expect-ct': 'max-age=604800, report-uri="https://report-uri.cloudflare.com/cdn-cgi/beacon/expect-ct"',
404 silly get     server: 'cloudflare' } ]
405 verbose etag https://registry.npmjs.org/gulp-postcss from cache
406 verbose get saving gulp-postcss to /home/home/.npm/registry.npmjs.org/gulp-postcss/.cache.json
407 http 304 https://registry.npmjs.org/gulp-group-css-media-queries
408 verbose headers { date: 'Mon, 13 Jan 2020 09:39:54 GMT',
408 verbose headers   connection: 'keep-alive',
408 verbose headers   'set-cookie':
408 verbose headers    [ '__cfduid=d0b7f4bef3cf909647d1f152ab98f608e1578908394; expires=Wed, 12-Feb-20 09:39:54 GMT; path=/; domain=.npmjs.org; HttpOnly; SameSite=Lax' ],
408 verbose headers   'cf-ray': '554667d88bb083ec-KBP',
408 verbose headers   age: '372',
408 verbose headers   'cache-control': 'public, max-age=300',
408 verbose headers   etag: '"0f4e3442b30a2fae516f36d243cd3e8d"',
408 verbose headers   'last-modified': 'Sun, 27 May 2018 03:12:41 GMT',
408 verbose headers   vary: 'Accept-Encoding',
408 verbose headers   'cf-cache-status': 'HIT',
408 verbose headers   'expect-ct': 'max-age=604800, report-uri="https://report-uri.cloudflare.com/cdn-cgi/beacon/expect-ct"',
408 verbose headers   server: 'cloudflare' }
409 silly get cb [ 304,
409 silly get   { date: 'Mon, 13 Jan 2020 09:39:54 GMT',
409 silly get     connection: 'keep-alive',
409 silly get     'set-cookie':
409 silly get      [ '__cfduid=d0b7f4bef3cf909647d1f152ab98f608e1578908394; expires=Wed, 12-Feb-20 09:39:54 GMT; path=/; domain=.npmjs.org; HttpOnly; SameSite=Lax' ],
409 silly get     'cf-ray': '554667d88bb083ec-KBP',
409 silly get     age: '372',
409 silly get     'cache-control': 'public, max-age=300',
409 silly get     etag: '"0f4e3442b30a2fae516f36d243cd3e8d"',
409 silly get     'last-modified': 'Sun, 27 May 2018 03:12:41 GMT',
409 silly get     vary: 'Accept-Encoding',
409 silly get     'cf-cache-status': 'HIT',
409 silly get     'expect-ct': 'max-age=604800, report-uri="https://report-uri.cloudflare.com/cdn-cgi/beacon/expect-ct"',
409 silly get     server: 'cloudflare' } ]
410 verbose etag https://registry.npmjs.org/gulp-group-css-media-queries from cache
411 verbose get saving gulp-group-css-media-queries to /home/home/.npm/registry.npmjs.org/gulp-group-css-media-queries/.cache.json
412 http 304 https://registry.npmjs.org/usedcss
413 verbose headers { date: 'Mon, 13 Jan 2020 09:39:54 GMT',
413 verbose headers   connection: 'keep-alive',
413 verbose headers   'set-cookie':
413 verbose headers    [ '__cfduid=dc181b9305d424e3a865316d5e0c682051578908394; expires=Wed, 12-Feb-20 09:39:54 GMT; path=/; domain=.npmjs.org; HttpOnly; SameSite=Lax' ],
413 verbose headers   'cf-ray': '554667d88fb48446-KBP',
413 verbose headers   age: '372',
413 verbose headers   'cache-control': 'public, max-age=300',
413 verbose headers   etag: '"0fe595009f4ced3bb819229b6675bd59"',
413 verbose headers   'last-modified': 'Sun, 27 May 2018 20:35:34 GMT',
413 verbose headers   vary: 'Accept-Encoding',
413 verbose headers   'cf-cache-status': 'HIT',
413 verbose headers   'expect-ct': 'max-age=604800, report-uri="https://report-uri.cloudflare.com/cdn-cgi/beacon/expect-ct"',
413 verbose headers   server: 'cloudflare' }
414 silly get cb [ 304,
414 silly get   { date: 'Mon, 13 Jan 2020 09:39:54 GMT',
414 silly get     connection: 'keep-alive',
414 silly get     'set-cookie':
414 silly get      [ '__cfduid=dc181b9305d424e3a865316d5e0c682051578908394; expires=Wed, 12-Feb-20 09:39:54 GMT; path=/; domain=.npmjs.org; HttpOnly; SameSite=Lax' ],
414 silly get     'cf-ray': '554667d88fb48446-KBP',
414 silly get     age: '372',
414 silly get     'cache-control': 'public, max-age=300',
414 silly get     etag: '"0fe595009f4ced3bb819229b6675bd59"',
414 silly get     'last-modified': 'Sun, 27 May 2018 20:35:34 GMT',
414 silly get     vary: 'Accept-Encoding',
414 silly get     'cf-cache-status': 'HIT',
414 silly get     'expect-ct': 'max-age=604800, report-uri="https://report-uri.cloudflare.com/cdn-cgi/beacon/expect-ct"',
414 silly get     server: 'cloudflare' } ]
415 verbose etag https://registry.npmjs.org/usedcss from cache
416 verbose get saving usedcss to /home/home/.npm/registry.npmjs.org/usedcss/.cache.json
417 http 304 https://registry.npmjs.org/gulp-plumber
418 verbose headers { date: 'Mon, 13 Jan 2020 09:39:54 GMT',
418 verbose headers   connection: 'keep-alive',
418 verbose headers   'set-cookie':
418 verbose headers    [ '__cfduid=d9e7de06616574e30255d7513cada48711578908394; expires=Wed, 12-Feb-20 09:39:54 GMT; path=/; domain=.npmjs.org; HttpOnly; SameSite=Lax' ],
418 verbose headers   'cf-ray': '554667d88c408ae4-KBP',
418 verbose headers   age: '4320',
418 verbose headers   'cache-control': 'public, max-age=300',
418 verbose headers   etag: '"c37d46f57f111859a884a9a4ac0133b1"',
418 verbose headers   'last-modified': 'Wed, 16 Jan 2019 19:40:09 GMT',
418 verbose headers   vary: 'Accept-Encoding',
418 verbose headers   'cf-cache-status': 'HIT',
418 verbose headers   'expect-ct': 'max-age=604800, report-uri="https://report-uri.cloudflare.com/cdn-cgi/beacon/expect-ct"',
418 verbose headers   server: 'cloudflare' }
419 silly get cb [ 304,
419 silly get   { date: 'Mon, 13 Jan 2020 09:39:54 GMT',
419 silly get     connection: 'keep-alive',
419 silly get     'set-cookie':
419 silly get      [ '__cfduid=d9e7de06616574e30255d7513cada48711578908394; expires=Wed, 12-Feb-20 09:39:54 GMT; path=/; domain=.npmjs.org; HttpOnly; SameSite=Lax' ],
419 silly get     'cf-ray': '554667d88c408ae4-KBP',
419 silly get     age: '4320',
419 silly get     'cache-control': 'public, max-age=300',
419 silly get     etag: '"c37d46f57f111859a884a9a4ac0133b1"',
419 silly get     'last-modified': 'Wed, 16 Jan 2019 19:40:09 GMT',
419 silly get     vary: 'Accept-Encoding',
419 silly get     'cf-cache-status': 'HIT',
419 silly get     'expect-ct': 'max-age=604800, report-uri="https://report-uri.cloudflare.com/cdn-cgi/beacon/expect-ct"',
419 silly get     server: 'cloudflare' } ]
420 verbose etag https://registry.npmjs.org/gulp-plumber from cache
421 verbose get saving gulp-plumber to /home/home/.npm/registry.npmjs.org/gulp-plumber/.cache.json
422 http 304 https://registry.npmjs.org/gulp-rigger
423 verbose headers { date: 'Mon, 13 Jan 2020 09:39:54 GMT',
423 verbose headers   connection: 'keep-alive',
423 verbose headers   'set-cookie':
423 verbose headers    [ '__cfduid=d79465c5d332ff2467662d6cf589ec12c1578908394; expires=Wed, 12-Feb-20 09:39:54 GMT; path=/; domain=.npmjs.org; HttpOnly; SameSite=Lax' ],
423 verbose headers   'cf-ray': '554667d88b3a8ad2-KBP',
423 verbose headers   age: '373',
423 verbose headers   'cache-control': 'public, max-age=300',
423 verbose headers   etag: '"1b4ca6e12f16b4ad21fde0e5bb27eb65"',
423 verbose headers   'last-modified': 'Sun, 27 May 2018 03:18:30 GMT',
423 verbose headers   vary: 'Accept-Encoding',
423 verbose headers   'cf-cache-status': 'HIT',
423 verbose headers   'expect-ct': 'max-age=604800, report-uri="https://report-uri.cloudflare.com/cdn-cgi/beacon/expect-ct"',
423 verbose headers   server: 'cloudflare' }
424 silly get cb [ 304,
424 silly get   { date: 'Mon, 13 Jan 2020 09:39:54 GMT',
424 silly get     connection: 'keep-alive',
424 silly get     'set-cookie':
424 silly get      [ '__cfduid=d79465c5d332ff2467662d6cf589ec12c1578908394; expires=Wed, 12-Feb-20 09:39:54 GMT; path=/; domain=.npmjs.org; HttpOnly; SameSite=Lax' ],
424 silly get     'cf-ray': '554667d88b3a8ad2-KBP',
424 silly get     age: '373',
424 silly get     'cache-control': 'public, max-age=300',
424 silly get     etag: '"1b4ca6e12f16b4ad21fde0e5bb27eb65"',
424 silly get     'last-modified': 'Sun, 27 May 2018 03:18:30 GMT',
424 silly get     vary: 'Accept-Encoding',
424 silly get     'cf-cache-status': 'HIT',
424 silly get     'expect-ct': 'max-age=604800, report-uri="https://report-uri.cloudflare.com/cdn-cgi/beacon/expect-ct"',
424 silly get     server: 'cloudflare' } ]
425 verbose etag https://registry.npmjs.org/gulp-rigger from cache
426 verbose get saving gulp-rigger to /home/home/.npm/registry.npmjs.org/gulp-rigger/.cache.json
427 http 304 https://registry.npmjs.org/gulp-sourcemaps
428 verbose headers { date: 'Mon, 13 Jan 2020 09:39:54 GMT',
428 verbose headers   connection: 'keep-alive',
428 verbose headers   'set-cookie':
428 verbose headers    [ '__cfduid=d2f5e1235ab0a9e6dca8c197b0cf4e7f41578908394; expires=Wed, 12-Feb-20 09:39:54 GMT; path=/; domain=.npmjs.org; HttpOnly; SameSite=Lax' ],
428 verbose headers   'cf-ray': '554667d88d858440-KBP',
428 verbose headers   age: '4326',
428 verbose headers   'cache-control': 'public, max-age=300',
428 verbose headers   etag: '"7dd60dd12a92419128aa7f44fd03a183"',
428 verbose headers   'last-modified': 'Tue, 19 Feb 2019 03:46:27 GMT',
428 verbose headers   vary: 'Accept-Encoding',
428 verbose headers   'cf-cache-status': 'HIT',
428 verbose headers   'expect-ct': 'max-age=604800, report-uri="https://report-uri.cloudflare.com/cdn-cgi/beacon/expect-ct"',
428 verbose headers   server: 'cloudflare' }
429 silly get cb [ 304,
429 silly get   { date: 'Mon, 13 Jan 2020 09:39:54 GMT',
429 silly get     connection: 'keep-alive',
429 silly get     'set-cookie':
429 silly get      [ '__cfduid=d2f5e1235ab0a9e6dca8c197b0cf4e7f41578908394; expires=Wed, 12-Feb-20 09:39:54 GMT; path=/; domain=.npmjs.org; HttpOnly; SameSite=Lax' ],
429 silly get     'cf-ray': '554667d88d858440-KBP',
429 silly get     age: '4326',
429 silly get     'cache-control': 'public, max-age=300',
429 silly get     etag: '"7dd60dd12a92419128aa7f44fd03a183"',
429 silly get     'last-modified': 'Tue, 19 Feb 2019 03:46:27 GMT',
429 silly get     vary: 'Accept-Encoding',
429 silly get     'cf-cache-status': 'HIT',
429 silly get     'expect-ct': 'max-age=604800, report-uri="https://report-uri.cloudflare.com/cdn-cgi/beacon/expect-ct"',
429 silly get     server: 'cloudflare' } ]
430 verbose etag https://registry.npmjs.org/gulp-sourcemaps from cache
431 verbose get saving gulp-sourcemaps to /home/home/.npm/registry.npmjs.org/gulp-sourcemaps/.cache.json
432 http 304 https://registry.npmjs.org/browser-sync
433 verbose headers { date: 'Mon, 13 Jan 2020 09:39:54 GMT',
433 verbose headers   connection: 'keep-alive',
433 verbose headers   'set-cookie':
433 verbose headers    [ '__cfduid=d9e7de06616574e30255d7513cada48711578908394; expires=Wed, 12-Feb-20 09:39:54 GMT; path=/; domain=.npmjs.org; HttpOnly; SameSite=Lax' ],
433 verbose headers   'cf-ray': '554667d88c428ae4-KBP',
433 verbose headers   age: '4192',
433 verbose headers   'cache-control': 'public, max-age=300',
433 verbose headers   etag: '"46c28a9c24911de86b2e80c824cbbc8c"',
433 verbose headers   'last-modified': 'Sat, 14 Dec 2019 09:50:43 GMT',
433 verbose headers   vary: 'Accept-Encoding',
433 verbose headers   'cf-cache-status': 'HIT',
433 verbose headers   'expect-ct': 'max-age=604800, report-uri="https://report-uri.cloudflare.com/cdn-cgi/beacon/expect-ct"',
433 verbose headers   server: 'cloudflare' }
434 silly get cb [ 304,
434 silly get   { date: 'Mon, 13 Jan 2020 09:39:54 GMT',
434 silly get     connection: 'keep-alive',
434 silly get     'set-cookie':
434 silly get      [ '__cfduid=d9e7de06616574e30255d7513cada48711578908394; expires=Wed, 12-Feb-20 09:39:54 GMT; path=/; domain=.npmjs.org; HttpOnly; SameSite=Lax' ],
434 silly get     'cf-ray': '554667d88c428ae4-KBP',
434 silly get     age: '4192',
434 silly get     'cache-control': 'public, max-age=300',
434 silly get     etag: '"46c28a9c24911de86b2e80c824cbbc8c"',
434 silly get     'last-modified': 'Sat, 14 Dec 2019 09:50:43 GMT',
434 silly get     vary: 'Accept-Encoding',
434 silly get     'cf-cache-status': 'HIT',
434 silly get     'expect-ct': 'max-age=604800, report-uri="https://report-uri.cloudflare.com/cdn-cgi/beacon/expect-ct"',
434 silly get     server: 'cloudflare' } ]
435 verbose etag https://registry.npmjs.org/browser-sync from cache
436 verbose get saving browser-sync to /home/home/.npm/registry.npmjs.org/browser-sync/.cache.json
437 http 304 https://registry.npmjs.org/gulp-imagemin
438 verbose headers { date: 'Mon, 13 Jan 2020 09:39:54 GMT',
438 verbose headers   connection: 'keep-alive',
438 verbose headers   'set-cookie':
438 verbose headers    [ '__cfduid=d420ee91382a5cd1d1d2224a621a0cf961578908394; expires=Wed, 12-Feb-20 09:39:54 GMT; path=/; domain=.npmjs.org; HttpOnly; SameSite=Lax' ],
438 verbose headers   'cf-ray': '554667d88f518b08-KBP',
438 verbose headers   age: '3022',
438 verbose headers   'cache-control': 'public, max-age=300',
438 verbose headers   etag: '"e314760d479a032aecf5d9ed1cbbc90d"',
438 verbose headers   'last-modified': 'Sat, 14 Dec 2019 09:50:42 GMT',
438 verbose headers   vary: 'Accept-Encoding',
438 verbose headers   'cf-cache-status': 'HIT',
438 verbose headers   'expect-ct': 'max-age=604800, report-uri="https://report-uri.cloudflare.com/cdn-cgi/beacon/expect-ct"',
438 verbose headers   server: 'cloudflare' }
439 silly get cb [ 304,
439 silly get   { date: 'Mon, 13 Jan 2020 09:39:54 GMT',
439 silly get     connection: 'keep-alive',
439 silly get     'set-cookie':
439 silly get      [ '__cfduid=d420ee91382a5cd1d1d2224a621a0cf961578908394; expires=Wed, 12-Feb-20 09:39:54 GMT; path=/; domain=.npmjs.org; HttpOnly; SameSite=Lax' ],
439 silly get     'cf-ray': '554667d88f518b08-KBP',
439 silly get     age: '3022',
439 silly get     'cache-control': 'public, max-age=300',
439 silly get     etag: '"e314760d479a032aecf5d9ed1cbbc90d"',
439 silly get     'last-modified': 'Sat, 14 Dec 2019 09:50:42 GMT',
439 silly get     vary: 'Accept-Encoding',
439 silly get     'cf-cache-status': 'HIT',
439 silly get     'expect-ct': 'max-age=604800, report-uri="https://report-uri.cloudflare.com/cdn-cgi/beacon/expect-ct"',
439 silly get     server: 'cloudflare' } ]
440 verbose etag https://registry.npmjs.org/gulp-imagemin from cache
441 verbose get saving gulp-imagemin to /home/home/.npm/registry.npmjs.org/gulp-imagemin/.cache.json
442 http 304 https://registry.npmjs.org/require-dir
443 verbose headers { date: 'Mon, 13 Jan 2020 09:39:54 GMT',
443 verbose headers   connection: 'keep-alive',
443 verbose headers   'set-cookie':
443 verbose headers    [ '__cfduid=d85bf09aa34a76c76f0457b6c183a36d61578908394; expires=Wed, 12-Feb-20 09:39:54 GMT; path=/; domain=.npmjs.org; HttpOnly; SameSite=Lax' ],
443 verbose headers   'cf-ray': '554667d8886083e0-KBP',
443 verbose headers   age: '1429',
443 verbose headers   'cache-control': 'public, max-age=300',
443 verbose headers   etag: '"c5dc7d0f8e0dec53c40d0e6d0fd35c00"',
443 verbose headers   'last-modified': 'Sat, 05 Jan 2019 09:36:26 GMT',
443 verbose headers   vary: 'Accept-Encoding',
443 verbose headers   'cf-cache-status': 'HIT',
443 verbose headers   'expect-ct': 'max-age=604800, report-uri="https://report-uri.cloudflare.com/cdn-cgi/beacon/expect-ct"',
443 verbose headers   server: 'cloudflare' }
444 silly get cb [ 304,
444 silly get   { date: 'Mon, 13 Jan 2020 09:39:54 GMT',
444 silly get     connection: 'keep-alive',
444 silly get     'set-cookie':
444 silly get      [ '__cfduid=d85bf09aa34a76c76f0457b6c183a36d61578908394; expires=Wed, 12-Feb-20 09:39:54 GMT; path=/; domain=.npmjs.org; HttpOnly; SameSite=Lax' ],
444 silly get     'cf-ray': '554667d8886083e0-KBP',
444 silly get     age: '1429',
444 silly get     'cache-control': 'public, max-age=300',
444 silly get     etag: '"c5dc7d0f8e0dec53c40d0e6d0fd35c00"',
444 silly get     'last-modified': 'Sat, 05 Jan 2019 09:36:26 GMT',
444 silly get     vary: 'Accept-Encoding',
444 silly get     'cf-cache-status': 'HIT',
444 silly get     'expect-ct': 'max-age=604800, report-uri="https://report-uri.cloudflare.com/cdn-cgi/beacon/expect-ct"',
444 silly get     server: 'cloudflare' } ]
445 verbose etag https://registry.npmjs.org/require-dir from cache
446 verbose get saving require-dir to /home/home/.npm/registry.npmjs.org/require-dir/.cache.json
447 http 304 https://registry.npmjs.org/gulp-rename
448 verbose headers { date: 'Mon, 13 Jan 2020 09:39:54 GMT',
448 verbose headers   connection: 'keep-alive',
448 verbose headers   'set-cookie':
448 verbose headers    [ '__cfduid=d8b7f8b57d448967a9e024abadc0677211578908394; expires=Wed, 12-Feb-20 09:39:54 GMT; path=/; domain=.npmjs.org; HttpOnly; SameSite=Lax' ],
448 verbose headers   'cf-ray': '554667d888b5821d-KBP',
448 verbose headers   age: '73',
448 verbose headers   'cache-control': 'public, max-age=300',
448 verbose headers   etag: '"07d3aebc52213e764362eefa20660c84"',
448 verbose headers   'last-modified': 'Wed, 04 Dec 2019 16:50:10 GMT',
448 verbose headers   vary: 'Accept-Encoding',
448 verbose headers   'cf-cache-status': 'HIT',
448 verbose headers   'expect-ct': 'max-age=604800, report-uri="https://report-uri.cloudflare.com/cdn-cgi/beacon/expect-ct"',
448 verbose headers   server: 'cloudflare' }
449 silly get cb [ 304,
449 silly get   { date: 'Mon, 13 Jan 2020 09:39:54 GMT',
449 silly get     connection: 'keep-alive',
449 silly get     'set-cookie':
449 silly get      [ '__cfduid=d8b7f8b57d448967a9e024abadc0677211578908394; expires=Wed, 12-Feb-20 09:39:54 GMT; path=/; domain=.npmjs.org; HttpOnly; SameSite=Lax' ],
449 silly get     'cf-ray': '554667d888b5821d-KBP',
449 silly get     age: '73',
449 silly get     'cache-control': 'public, max-age=300',
449 silly get     etag: '"07d3aebc52213e764362eefa20660c84"',
449 silly get     'last-modified': 'Wed, 04 Dec 2019 16:50:10 GMT',
449 silly get     vary: 'Accept-Encoding',
449 silly get     'cf-cache-status': 'HIT',
449 silly get     'expect-ct': 'max-age=604800, report-uri="https://report-uri.cloudflare.com/cdn-cgi/beacon/expect-ct"',
449 silly get     server: 'cloudflare' } ]
450 verbose etag https://registry.npmjs.org/gulp-rename from cache
451 verbose get saving gulp-rename to /home/home/.npm/registry.npmjs.org/gulp-rename/.cache.json
452 http 304 https://registry.npmjs.org/gulp-htmlmin
453 verbose headers { date: 'Mon, 13 Jan 2020 09:39:54 GMT',
453 verbose headers   connection: 'keep-alive',
453 verbose headers   'set-cookie':
453 verbose headers    [ '__cfduid=d64dda0377cbd6a10c05c0f530cec26861578908394; expires=Wed, 12-Feb-20 09:39:54 GMT; path=/; domain=.npmjs.org; HttpOnly; SameSite=Lax' ],
453 verbose headers   'cf-ray': '554667d88bfc8223-KBP',
453 verbose headers   age: '893',
453 verbose headers   'cache-control': 'public, max-age=300',
453 verbose headers   etag: '"7906d5e17c3d710a0d7a320007f2c87a"',
453 verbose headers   'last-modified': 'Sat, 29 Jun 2019 03:18:55 GMT',
453 verbose headers   vary: 'Accept-Encoding',
453 verbose headers   'cf-cache-status': 'HIT',
453 verbose headers   'expect-ct': 'max-age=604800, report-uri="https://report-uri.cloudflare.com/cdn-cgi/beacon/expect-ct"',
453 verbose headers   server: 'cloudflare' }
454 silly get cb [ 304,
454 silly get   { date: 'Mon, 13 Jan 2020 09:39:54 GMT',
454 silly get     connection: 'keep-alive',
454 silly get     'set-cookie':
454 silly get      [ '__cfduid=d64dda0377cbd6a10c05c0f530cec26861578908394; expires=Wed, 12-Feb-20 09:39:54 GMT; path=/; domain=.npmjs.org; HttpOnly; SameSite=Lax' ],
454 silly get     'cf-ray': '554667d88bfc8223-KBP',
454 silly get     age: '893',
454 silly get     'cache-control': 'public, max-age=300',
454 silly get     etag: '"7906d5e17c3d710a0d7a320007f2c87a"',
454 silly get     'last-modified': 'Sat, 29 Jun 2019 03:18:55 GMT',
454 silly get     vary: 'Accept-Encoding',
454 silly get     'cf-cache-status': 'HIT',
454 silly get     'expect-ct': 'max-age=604800, report-uri="https://report-uri.cloudflare.com/cdn-cgi/beacon/expect-ct"',
454 silly get     server: 'cloudflare' } ]
455 verbose etag https://registry.npmjs.org/gulp-htmlmin from cache
456 verbose get saving gulp-htmlmin to /home/home/.npm/registry.npmjs.org/gulp-htmlmin/.cache.json
457 http 304 https://registry.npmjs.org/cross-env
458 verbose headers { date: 'Mon, 13 Jan 2020 09:39:54 GMT',
458 verbose headers   connection: 'keep-alive',
458 verbose headers   'set-cookie':
458 verbose headers    [ '__cfduid=ddcf2f084fa26b6061c86a18c45a20f4c1578908394; expires=Wed, 12-Feb-20 09:39:54 GMT; path=/; domain=.npmjs.org; HttpOnly; SameSite=Lax' ],
458 verbose headers   'cf-ray': '554667d888b78ab4-KBP',
458 verbose headers   age: '5115',
458 verbose headers   'cache-control': 'public, max-age=300',
458 verbose headers   etag: '"83ae1da7617c1ca3e6fee1b627646518"',
458 verbose headers   'last-modified': 'Mon, 23 Dec 2019 17:45:12 GMT',
458 verbose headers   vary: 'Accept-Encoding',
458 verbose headers   'cf-cache-status': 'HIT',
458 verbose headers   'expect-ct': 'max-age=604800, report-uri="https://report-uri.cloudflare.com/cdn-cgi/beacon/expect-ct"',
458 verbose headers   server: 'cloudflare' }
459 silly get cb [ 304,
459 silly get   { date: 'Mon, 13 Jan 2020 09:39:54 GMT',
459 silly get     connection: 'keep-alive',
459 silly get     'set-cookie':
459 silly get      [ '__cfduid=ddcf2f084fa26b6061c86a18c45a20f4c1578908394; expires=Wed, 12-Feb-20 09:39:54 GMT; path=/; domain=.npmjs.org; HttpOnly; SameSite=Lax' ],
459 silly get     'cf-ray': '554667d888b78ab4-KBP',
459 silly get     age: '5115',
459 silly get     'cache-control': 'public, max-age=300',
459 silly get     etag: '"83ae1da7617c1ca3e6fee1b627646518"',
459 silly get     'last-modified': 'Mon, 23 Dec 2019 17:45:12 GMT',
459 silly get     vary: 'Accept-Encoding',
459 silly get     'cf-cache-status': 'HIT',
459 silly get     'expect-ct': 'max-age=604800, report-uri="https://report-uri.cloudflare.com/cdn-cgi/beacon/expect-ct"',
459 silly get     server: 'cloudflare' } ]
460 verbose etag https://registry.npmjs.org/cross-env from cache
461 verbose get saving cross-env to /home/home/.npm/registry.npmjs.org/cross-env/.cache.json
462 http 304 https://registry.npmjs.org/gulp-size
463 verbose headers { date: 'Mon, 13 Jan 2020 09:39:54 GMT',
463 verbose headers   connection: 'keep-alive',
463 verbose headers   'set-cookie':
463 verbose headers    [ '__cfduid=d3c2939adf2a90d423615f7ea7bb6c5391578908394; expires=Wed, 12-Feb-20 09:39:54 GMT; path=/; domain=.npmjs.org; HttpOnly; SameSite=Lax' ],
463 verbose headers   'cf-ray': '554667d88f858b20-KBP',
463 verbose headers   age: '372',
463 verbose headers   'cache-control': 'public, max-age=300',
463 verbose headers   etag: '"98e4832986b6183c432d2dc840b42f64"',
463 verbose headers   'last-modified': 'Sun, 27 May 2018 03:19:15 GMT',
463 verbose headers   vary: 'Accept-Encoding',
463 verbose headers   'cf-cache-status': 'HIT',
463 verbose headers   'expect-ct': 'max-age=604800, report-uri="https://report-uri.cloudflare.com/cdn-cgi/beacon/expect-ct"',
463 verbose headers   server: 'cloudflare' }
464 silly get cb [ 304,
464 silly get   { date: 'Mon, 13 Jan 2020 09:39:54 GMT',
464 silly get     connection: 'keep-alive',
464 silly get     'set-cookie':
464 silly get      [ '__cfduid=d3c2939adf2a90d423615f7ea7bb6c5391578908394; expires=Wed, 12-Feb-20 09:39:54 GMT; path=/; domain=.npmjs.org; HttpOnly; SameSite=Lax' ],
464 silly get     'cf-ray': '554667d88f858b20-KBP',
464 silly get     age: '372',
464 silly get     'cache-control': 'public, max-age=300',
464 silly get     etag: '"98e4832986b6183c432d2dc840b42f64"',
464 silly get     'last-modified': 'Sun, 27 May 2018 03:19:15 GMT',
464 silly get     vary: 'Accept-Encoding',
464 silly get     'cf-cache-status': 'HIT',
464 silly get     'expect-ct': 'max-age=604800, report-uri="https://report-uri.cloudflare.com/cdn-cgi/beacon/expect-ct"',
464 silly get     server: 'cloudflare' } ]
465 verbose etag https://registry.npmjs.org/gulp-size from cache
466 verbose get saving gulp-size to /home/home/.npm/registry.npmjs.org/gulp-size/.cache.json
467 silly resolveWithNewModule del@5.1.0 checking installable status
468 silly cache add args [ 'del@^5.1.0', null ]
469 verbose cache add spec del@^5.1.0
470 silly cache add parsed spec Result {
470 silly cache add   raw: 'del@^5.1.0',
470 silly cache add   scope: null,
470 silly cache add   name: 'del',
470 silly cache add   rawSpec: '^5.1.0',
470 silly cache add   spec: '>=5.1.0 <6.0.0',
470 silly cache add   type: 'range' }
471 silly addNamed del@>=5.1.0 <6.0.0
472 verbose addNamed ">=5.1.0 <6.0.0" is a valid semver range for del
473 silly addNameRange { name: 'del', range: '>=5.1.0 <6.0.0', hasData: false }
474 silly mapToRegistry name del
475 silly mapToRegistry using default registry
476 silly mapToRegistry registry https://registry.npmjs.org/
477 silly mapToRegistry uri https://registry.npmjs.org/del
478 verbose addNameRange registry:https://registry.npmjs.org/del not in flight; fetching
479 silly resolveWithNewModule gh-pages@2.2.0 checking installable status
480 silly cache add args [ 'gh-pages@^2.1.1', null ]
481 verbose cache add spec gh-pages@^2.1.1
482 silly cache add parsed spec Result {
482 silly cache add   raw: 'gh-pages@^2.1.1',
482 silly cache add   scope: null,
482 silly cache add   name: 'gh-pages',
482 silly cache add   rawSpec: '^2.1.1',
482 silly cache add   spec: '>=2.1.1 <3.0.0',
482 silly cache add   type: 'range' }
483 silly addNamed gh-pages@>=2.1.1 <3.0.0
484 verbose addNamed ">=2.1.1 <3.0.0" is a valid semver range for gh-pages
485 silly addNameRange { name: 'gh-pages', range: '>=2.1.1 <3.0.0', hasData: false }
486 silly mapToRegistry name gh-pages
487 silly mapToRegistry using default registry
488 silly mapToRegistry registry https://registry.npmjs.org/
489 silly mapToRegistry uri https://registry.npmjs.org/gh-pages
490 verbose addNameRange registry:https://registry.npmjs.org/gh-pages not in flight; fetching
491 silly resolveWithNewModule cssnano@4.1.10 checking installable status
492 silly cache add args [ 'cssnano@^4.1.10', null ]
493 verbose cache add spec cssnano@^4.1.10
494 silly cache add parsed spec Result {
494 silly cache add   raw: 'cssnano@^4.1.10',
494 silly cache add   scope: null,
494 silly cache add   name: 'cssnano',
494 silly cache add   rawSpec: '^4.1.10',
494 silly cache add   spec: '>=4.1.10 <5.0.0',
494 silly cache add   type: 'range' }
495 silly addNamed cssnano@>=4.1.10 <5.0.0
496 verbose addNamed ">=4.1.10 <5.0.0" is a valid semver range for cssnano
497 silly addNameRange { name: 'cssnano', range: '>=4.1.10 <5.0.0', hasData: false }
498 silly mapToRegistry name cssnano
499 silly mapToRegistry using default registry
500 silly mapToRegistry registry https://registry.npmjs.org/
501 silly mapToRegistry uri https://registry.npmjs.org/cssnano
502 verbose addNameRange registry:https://registry.npmjs.org/cssnano not in flight; fetching
503 silly resolveWithNewModule gulp-babel@8.0.0 checking installable status
504 silly cache add args [ 'gulp-babel@^8.0.0-beta.2', null ]
505 verbose cache add spec gulp-babel@^8.0.0-beta.2
506 silly cache add parsed spec Result {
506 silly cache add   raw: 'gulp-babel@^8.0.0-beta.2',
506 silly cache add   scope: null,
506 silly cache add   name: 'gulp-babel',
506 silly cache add   rawSpec: '^8.0.0-beta.2',
506 silly cache add   spec: '>=8.0.0-beta.2 <9.0.0',
506 silly cache add   type: 'range' }
507 silly addNamed gulp-babel@>=8.0.0-beta.2 <9.0.0
508 verbose addNamed ">=8.0.0-beta.2 <9.0.0" is a valid semver range for gulp-babel
509 silly addNameRange { name: 'gulp-babel',
509 silly addNameRange   range: '>=8.0.0-beta.2 <9.0.0',
509 silly addNameRange   hasData: false }
510 silly mapToRegistry name gulp-babel
511 silly mapToRegistry using default registry
512 silly mapToRegistry registry https://registry.npmjs.org/
513 silly mapToRegistry uri https://registry.npmjs.org/gulp-babel
514 verbose addNameRange registry:https://registry.npmjs.org/gulp-babel not in flight; fetching
515 silly resolveWithNewModule gulp-cache-bust@1.4.1 checking installable status
516 silly cache add args [ 'gulp-cache-bust@^1.4.1', null ]
517 verbose cache add spec gulp-cache-bust@^1.4.1
518 silly cache add parsed spec Result {
518 silly cache add   raw: 'gulp-cache-bust@^1.4.1',
518 silly cache add   scope: null,
518 silly cache add   name: 'gulp-cache-bust',
518 silly cache add   rawSpec: '^1.4.1',
518 silly cache add   spec: '>=1.4.1 <2.0.0',
518 silly cache add   type: 'range' }
519 silly addNamed gulp-cache-bust@>=1.4.1 <2.0.0
520 verbose addNamed ">=1.4.1 <2.0.0" is a valid semver range for gulp-cache-bust
521 silly addNameRange { name: 'gulp-cache-bust',
521 silly addNameRange   range: '>=1.4.1 <2.0.0',
521 silly addNameRange   hasData: false }
522 silly mapToRegistry name gulp-cache-bust
523 silly mapToRegistry using default registry
524 silly mapToRegistry registry https://registry.npmjs.org/
525 silly mapToRegistry uri https://registry.npmjs.org/gulp-cache-bust
526 verbose addNameRange registry:https://registry.npmjs.org/gulp-cache-bust not in flight; fetching
527 silly resolveWithNewModule gulp@4.0.2 checking installable status
528 silly cache add args [ 'gulp@^4.0.2', null ]
529 verbose cache add spec gulp@^4.0.2
530 silly cache add parsed spec Result {
530 silly cache add   raw: 'gulp@^4.0.2',
530 silly cache add   scope: null,
530 silly cache add   name: 'gulp',
530 silly cache add   rawSpec: '^4.0.2',
530 silly cache add   spec: '>=4.0.2 <5.0.0',
530 silly cache add   type: 'range' }
531 silly addNamed gulp@>=4.0.2 <5.0.0
532 verbose addNamed ">=4.0.2 <5.0.0" is a valid semver range for gulp
533 silly addNameRange { name: 'gulp', range: '>=4.0.2 <5.0.0', hasData: false }
534 silly mapToRegistry name gulp
535 silly mapToRegistry using default registry
536 silly mapToRegistry registry https://registry.npmjs.org/
537 silly mapToRegistry uri https://registry.npmjs.org/gulp
538 verbose addNameRange registry:https://registry.npmjs.org/gulp not in flight; fetching
539 silly resolveWithNewModule gulp-concat@2.6.1 checking installable status
540 silly cache add args [ 'gulp-concat@^2.6.1', null ]
541 verbose cache add spec gulp-concat@^2.6.1
542 silly cache add parsed spec Result {
542 silly cache add   raw: 'gulp-concat@^2.6.1',
542 silly cache add   scope: null,
542 silly cache add   name: 'gulp-concat',
542 silly cache add   rawSpec: '^2.6.1',
542 silly cache add   spec: '>=2.6.1 <3.0.0',
542 silly cache add   type: 'range' }
543 silly addNamed gulp-concat@>=2.6.1 <3.0.0
544 verbose addNamed ">=2.6.1 <3.0.0" is a valid semver range for gulp-concat
545 silly addNameRange { name: 'gulp-concat', range: '>=2.6.1 <3.0.0', hasData: false }
546 silly mapToRegistry name gulp-concat
547 silly mapToRegistry using default registry
548 silly mapToRegistry registry https://registry.npmjs.org/
549 silly mapToRegistry uri https://registry.npmjs.org/gulp-concat
550 verbose addNameRange registry:https://registry.npmjs.org/gulp-concat not in flight; fetching
551 silly resolveWithNewModule autoprefixer@9.7.3 checking installable status
552 silly cache add args [ 'autoprefixer@^9.7.1', null ]
553 verbose cache add spec autoprefixer@^9.7.1
554 silly cache add parsed spec Result {
554 silly cache add   raw: 'autoprefixer@^9.7.1',
554 silly cache add   scope: null,
554 silly cache add   name: 'autoprefixer',
554 silly cache add   rawSpec: '^9.7.1',
554 silly cache add   spec: '>=9.7.1 <10.0.0',
554 silly cache add   type: 'range' }
555 silly addNamed autoprefixer@>=9.7.1 <10.0.0
556 verbose addNamed ">=9.7.1 <10.0.0" is a valid semver range for autoprefixer
557 silly addNameRange { name: 'autoprefixer',
557 silly addNameRange   range: '>=9.7.1 <10.0.0',
557 silly addNameRange   hasData: false }
558 silly mapToRegistry name autoprefixer
559 silly mapToRegistry using default registry
560 silly mapToRegistry registry https://registry.npmjs.org/
561 silly mapToRegistry uri https://registry.npmjs.org/autoprefixer
562 verbose addNameRange registry:https://registry.npmjs.org/autoprefixer not in flight; fetching
563 silly resolveWithNewModule gulp-mode@1.0.2 checking installable status
564 silly cache add args [ 'gulp-mode@^1.0.2', null ]
565 verbose cache add spec gulp-mode@^1.0.2
566 silly cache add parsed spec Result {
566 silly cache add   raw: 'gulp-mode@^1.0.2',
566 silly cache add   scope: null,
566 silly cache add   name: 'gulp-mode',
566 silly cache add   rawSpec: '^1.0.2',
566 silly cache add   spec: '>=1.0.2 <2.0.0',
566 silly cache add   type: 'range' }
567 silly addNamed gulp-mode@>=1.0.2 <2.0.0
568 verbose addNamed ">=1.0.2 <2.0.0" is a valid semver range for gulp-mode
569 silly addNameRange { name: 'gulp-mode', range: '>=1.0.2 <2.0.0', hasData: false }
570 silly mapToRegistry name gulp-mode
571 silly mapToRegistry using default registry
572 silly mapToRegistry registry https://registry.npmjs.org/
573 silly mapToRegistry uri https://registry.npmjs.org/gulp-mode
574 verbose addNameRange registry:https://registry.npmjs.org/gulp-mode not in flight; fetching
575 silly resolveWithNewModule gulp-newer@1.4.0 checking installable status
576 silly cache add args [ 'gulp-newer@^1.4.0', null ]
577 verbose cache add spec gulp-newer@^1.4.0
578 silly cache add parsed spec Result {
578 silly cache add   raw: 'gulp-newer@^1.4.0',
578 silly cache add   scope: null,
578 silly cache add   name: 'gulp-newer',
578 silly cache add   rawSpec: '^1.4.0',
578 silly cache add   spec: '>=1.4.0 <2.0.0',
578 silly cache add   type: 'range' }
579 silly addNamed gulp-newer@>=1.4.0 <2.0.0
580 verbose addNamed ">=1.4.0 <2.0.0" is a valid semver range for gulp-newer
581 silly addNameRange { name: 'gulp-newer', range: '>=1.4.0 <2.0.0', hasData: false }
582 silly mapToRegistry name gulp-newer
583 silly mapToRegistry using default registry
584 silly mapToRegistry registry https://registry.npmjs.org/
585 silly mapToRegistry uri https://registry.npmjs.org/gulp-newer
586 verbose addNameRange registry:https://registry.npmjs.org/gulp-newer not in flight; fetching
587 silly resolveWithNewModule gulp-inject@5.0.5 checking installable status
588 silly cache add args [ 'gulp-inject@^5.0.4', null ]
589 verbose cache add spec gulp-inject@^5.0.4
590 silly cache add parsed spec Result {
590 silly cache add   raw: 'gulp-inject@^5.0.4',
590 silly cache add   scope: null,
590 silly cache add   name: 'gulp-inject',
590 silly cache add   rawSpec: '^5.0.4',
590 silly cache add   spec: '>=5.0.4 <6.0.0',
590 silly cache add   type: 'range' }
591 silly addNamed gulp-inject@>=5.0.4 <6.0.0
592 verbose addNamed ">=5.0.4 <6.0.0" is a valid semver range for gulp-inject
593 silly addNameRange { name: 'gulp-inject', range: '>=5.0.4 <6.0.0', hasData: false }
594 silly mapToRegistry name gulp-inject
595 silly mapToRegistry using default registry
596 silly mapToRegistry registry https://registry.npmjs.org/
597 silly mapToRegistry uri https://registry.npmjs.org/gulp-inject
598 verbose addNameRange registry:https://registry.npmjs.org/gulp-inject not in flight; fetching
599 verbose stack Error: Missing required argument #1
599 verbose stack     at andLogAndFinish (/usr/share/npm/lib/fetch-package-metadata.js:31:3)
599 verbose stack     at fetchPackageMetadata (/usr/share/npm/lib/fetch-package-metadata.js:51:22)
599 verbose stack     at resolveWithNewModule (/usr/share/npm/lib/install/deps.js:456:12)
599 verbose stack     at /usr/share/npm/lib/install/deps.js:457:7
599 verbose stack     at /usr/share/npm/node_modules/iferr/index.js:13:50
599 verbose stack     at /usr/share/npm/lib/fetch-package-metadata.js:37:12
599 verbose stack     at addRequestedAndFinish (/usr/share/npm/lib/fetch-package-metadata.js:82:5)
599 verbose stack     at returnAndAddMetadata (/usr/share/npm/lib/fetch-package-metadata.js:117:7)
599 verbose stack     at pickVersionFromRegistryDocument (/usr/share/npm/lib/fetch-package-metadata.js:134:20)
599 verbose stack     at /usr/share/npm/node_modules/iferr/index.js:13:50
600 verbose cwd /home/home/goit/pandateam
601 error Linux 4.15.0-74-generic
602 error argv "/usr/bin/node" "/usr/bin/npm" "i"
603 error node v8.10.0
604 error npm  v3.5.2
605 error code EMISSINGARG
606 error typeerror Error: Missing required argument #1
606 error typeerror     at andLogAndFinish (/usr/share/npm/lib/fetch-package-metadata.js:31:3)
606 error typeerror     at fetchPackageMetadata (/usr/share/npm/lib/fetch-package-metadata.js:51:22)
606 error typeerror     at resolveWithNewModule (/usr/share/npm/lib/install/deps.js:456:12)
606 error typeerror     at /usr/share/npm/lib/install/deps.js:457:7
606 error typeerror     at /usr/share/npm/node_modules/iferr/index.js:13:50
606 error typeerror     at /usr/share/npm/lib/fetch-package-metadata.js:37:12
606 error typeerror     at addRequestedAndFinish (/usr/share/npm/lib/fetch-package-metadata.js:82:5)
606 error typeerror     at returnAndAddMetadata (/usr/share/npm/lib/fetch-package-metadata.js:117:7)
606 error typeerror     at pickVersionFromRegistryDocument (/usr/share/npm/lib/fetch-package-metadata.js:134:20)
606 error typeerror     at /usr/share/npm/node_modules/iferr/index.js:13:50
607 error typeerror This is an error with npm itself. Please report this error at:
607 error typeerror     <http://github.com/npm/npm/issues>
608 verbose exit [ 1, true ]
